<?xml version="1.0" encoding="UTF-8"?>
<!-- Generated by org.testng.reporters.JUnitReportReporter -->
<testsuite hostname="win7x86" name="ru.st.selenium.SampleTestNgTest" tests="1" failures="0" timestamp="13 May 2016 17:44:54 GMT" time="16.324" errors="0">
  <testcase name="testHomePageHasAHeader" time="16.324" classname="ru.st.selenium.SampleTestNgTest"/>
</testsuite> <!-- ru.st.selenium.SampleTestNgTest -->
