<?xml version="1.0" encoding="UTF-8"?>
<!-- Generated by org.testng.reporters.JUnitReportReporter -->
<testsuite hostname="win7x86" name="ru.st.selenium.LoginTestNG" tests="1" failures="0" timestamp="13 May 2016 17:54:31 GMT" time="4.928" errors="0">
  <testcase name="testUntitled" time="4.928" classname="ru.st.selenium.LoginTestNG"/>
</testsuite> <!-- ru.st.selenium.LoginTestNG -->
